2023-06-30 17:14:06.743 [info] Log level: Info
2023-06-30 17:14:06.743 [info] Validating found git in: "git"
2023-06-30 17:14:06.743 [info] Using git "2.34.1" from "git"
2023-06-30 17:14:06.743 [info] > git rev-parse --show-toplevel [27ms]
2023-06-30 17:14:06.743 [info] fatal: not a git repository (or any of the parent directories): .git
2023-06-30 17:14:06.743 [info] > git rev-parse --show-toplevel [1ms]
2023-06-30 17:14:06.743 [info] fatal: not a git repository (or any of the parent directories): .git
2023-06-30 17:14:06.766 [info] > git rev-parse --show-toplevel [23ms]
2023-06-30 17:14:06.766 [info] fatal: not a git repository (or any of the parent directories): .git
2023-06-30 17:14:06.770 [info] > git rev-parse --show-toplevel [2ms]
2023-06-30 17:14:06.770 [info] fatal: not a git repository (or any of the parent directories): .git
2023-06-30 17:14:08.648 [info] > git rev-parse --show-toplevel [62ms]
2023-06-30 17:14:08.648 [info] fatal: not a git repository (or any of the parent directories): .git
2023-06-30 17:17:05.701 [info] > git rev-parse --show-toplevel [9ms]
2023-06-30 17:17:05.701 [info] fatal: not a git repository (or any of the parent directories): .git
2023-06-30 17:17:47.800 [info] > git rev-parse --show-toplevel [1ms]
2023-06-30 17:17:47.800 [info] fatal: not a git repository (or any of the parent directories): .git
2023-06-30 17:17:55.409 [info] > git rev-parse --show-toplevel [2ms]
2023-06-30 17:17:55.409 [info] fatal: not a git repository (or any of the parent directories): .git
2023-06-30 17:20:30.095 [info] > git rev-parse --show-toplevel [2ms]
2023-06-30 17:20:30.095 [info] fatal: not a git repository (or any of the parent directories): .git
2023-06-30 17:22:45.224 [info] > git rev-parse --show-toplevel [2ms]
2023-06-30 17:22:45.224 [info] fatal: not a git repository (or any of the parent directories): .git
2023-06-30 17:22:45.538 [info] > git rev-parse --show-toplevel [5ms]
2023-06-30 17:22:45.538 [info] fatal: not a git repository (or any of the parent directories): .git
2023-06-30 17:22:58.825 [info] > git rev-parse --show-toplevel [3ms]
2023-06-30 17:22:58.825 [info] fatal: not a git repository (or any of the parent directories): .git
2023-06-30 17:23:00.284 [info] > git rev-parse --show-toplevel [1ms]
2023-06-30 17:23:00.284 [info] fatal: not a git repository (or any of the parent directories): .git
2023-06-30 17:25:29.692 [info] > git rev-parse --show-toplevel [1ms]
2023-06-30 17:25:29.692 [info] fatal: not a git repository (or any of the parent directories): .git
