2023-06-30 17:14:06.573 [info] Extension host with pid 1081 started
2023-06-30 17:14:06.587 [info] Lock '/home/j_barrera/.vscode-server/data/User/workspaceStorage/2e1b655fdd6f598f4b191156294c8478/vscode.lock': Lock acquired.
2023-06-30 17:14:06.608 [info] ExtensionService#_doActivateExtension vscode.git-base, startup: true, activationEvent: '*', root cause: vscode.git
2023-06-30 17:14:06.618 [info] ExtensionService#_doActivateExtension vscode.git, startup: true, activationEvent: '*'
2023-06-30 17:14:06.618 [info] ExtensionService#_doActivateExtension vscode.github, startup: true, activationEvent: '*'
2023-06-30 17:14:06.711 [info] Eager extensions activated
2023-06-30 17:14:06.712 [info] ExtensionService#_doActivateExtension vscode.debug-auto-launch, startup: false, activationEvent: 'onStartupFinished'
2023-06-30 17:14:06.712 [info] ExtensionService#_doActivateExtension vscode.merge-conflict, startup: false, activationEvent: 'onStartupFinished'
2023-06-30 17:14:06.712 [info] ExtensionService#_doActivateExtension ritwickdey.LiveServer, startup: false, activationEvent: 'onStartupFinished'
2023-06-30 17:14:08.583 [info] ExtensionService#_doActivateExtension vscode.html-language-features, startup: false, activationEvent: 'onLanguage:html'
2023-06-30 17:14:08.584 [info] ExtensionService#_doActivateExtension vscode.emmet, startup: false, activationEvent: 'onLanguage'
2023-06-30 17:17:05.583 [info] ExtensionService#_doActivateExtension vscode.json-language-features, startup: false, activationEvent: 'onLanguage:jsonc'
2023-06-30 17:17:05.583 [info] ExtensionService#_doActivateExtension vscode.typescript-language-features, startup: false, activationEvent: 'onLanguage:jsonc'
2023-06-30 17:18:00.851 [error] Error: spawn google-chrome ENOENT
	at Process.ChildProcess._handle.onexit (node:internal/child_process:283:19)
	at onErrorNT (node:internal/child_process:478:16)
	at processTicksAndRejections (node:internal/process/task_queues:83:21)
2023-06-30 17:23:01.234 [error] Error: spawn google-chrome ENOENT
	at Process.ChildProcess._handle.onexit (node:internal/child_process:283:19)
	at onErrorNT (node:internal/child_process:478:16)
	at processTicksAndRejections (node:internal/process/task_queues:83:21)
2023-06-30 17:23:25.290 [error] Error: spawn google-chrome ENOENT
	at Process.ChildProcess._handle.onexit (node:internal/child_process:283:19)
	at onErrorNT (node:internal/child_process:478:16)
	at processTicksAndRejections (node:internal/process/task_queues:83:21)
2023-06-30 17:23:33.864 [error] Error: spawn google-chrome ENOENT
	at Process.ChildProcess._handle.onexit (node:internal/child_process:283:19)
	at onErrorNT (node:internal/child_process:478:16)
	at processTicksAndRejections (node:internal/process/task_queues:83:21)
2023-06-30 17:25:39.337 [info] Extension host terminating: received terminate message from renderer
2023-06-30 17:25:39.338 [info] Lock '/home/j_barrera/.vscode-server/data/User/workspaceStorage/2e1b655fdd6f598f4b191156294c8478/vscode.lock': Marking the lockfile as scheduled to be released in 6000 ms.
2023-06-30 17:25:39.367 [info] Extension host with pid 1081 exiting with code 0
